<?xml version="1.0" encoding="UTF-8"?>
<testsuite xmlns:xsi="http://www.w3.org/2001/XMLSchema-instance" xsi:noNamespaceSchemaLocation="https://maven.apache.org/surefire/maven-surefire-plugin/xsd/surefire-test-report-3.0.xsd" version="3.0" name="com.example.backend.BackEndApplicationTests" time="10.265" tests="1" errors="0" skipped="0" failures="0">
  <properties>
[...]
</properties>
  <testcase name="contextLoads" classname="com.example.backend.BackEndApplicationTests" time="0.487">
    <system-out><![CDATA[20:11:42.055 [main] INFO org.springframework.test.context.support.AnnotationConfigContextLoaderUtils -- Could not detect default configuration classes for test class [com.example.backend.BackEndApplicationTests]: BackEndApplicationTests does not declare any static, non-private, non-final, nested classes annotated with @Configuration.
20:11:42.150 [main] INFO org.springframework.boot.test.context.SpringBootTestContextBootstrapper -- Found @SpringBootConfiguration com.example.backend.BackEndApplication for test class com.example.backend.BackEndApplicationTests
20:11:42.335 [main] INFO org.springframework.boot.devtools.restart.RestartApplicationListener -- Restart disabled due to context in which it is running

  .   ____          _            __ _ _
 /\\ / ___'_ __ _ _(_)_ __  __ _ \ \ \ \
( ( )\___ | '_ | '_| | '_ \/ _` | \ \ \ \
 \\/  ___)| |_)| | | | | || (_| |  ) ) ) )
  '  |____| .__|_| |_|_| |_\__, | / / / /
 =========|_|==============|___/=/_/_/_/
 :: Spring Boot ::                (v3.2.2)

2024-02-25T20:11:42.556+01:00  INFO 20572 --- [order-api] [           main] c.e.backend.BackEndApplicationTests      : Starting BackEndApplicationTests using Java 21.0.2 with PID 20572 (started by Stefan in C:\Users\Stefan\Desktop\green-zone\back-end)
2024-02-25T20:11:42.557+01:00  INFO 20572 --- [order-api] [           main] c.e.backend.BackEndApplicationTests      : No active profile set, falling back to 1 default profile: "default"
2024-02-25T20:11:43.488+01:00  INFO 20572 --- [order-api] [           main] .s.d.r.c.RepositoryConfigurationDelegate : Bootstrapping Spring Data JPA repositories in DEFAULT mode.
2024-02-25T20:11:43.529+01:00  INFO 20572 --- [order-api] [           main] .s.d.r.c.RepositoryConfigurationDelegate : Finished Spring Data repository scanning in 35 ms. Found 1 JPA repository interface.
2024-02-25T20:11:44.064+01:00  INFO 20572 --- [order-api] [           main] o.hibernate.jpa.internal.util.LogHelper  : HHH000204: Processing PersistenceUnitInfo [name: default]
2024-02-25T20:11:44.152+01:00  INFO 20572 --- [order-api] [           main] org.hibernate.Version                    : HHH000412: Hibernate ORM core version 6.4.1.Final
2024-02-25T20:11:44.187+01:00  INFO 20572 --- [order-api] [           main] o.h.c.internal.RegionFactoryInitiator    : HHH000026: Second-level cache disabled
2024-02-25T20:11:44.413+01:00  INFO 20572 --- [order-api] [           main] o.s.o.j.p.SpringPersistenceUnitInfo      : No LoadTimeWeaver setup: ignoring JPA class transformer
2024-02-25T20:11:44.458+01:00  INFO 20572 --- [order-api] [           main] com.zaxxer.hikari.HikariDataSource       : HikariPool-1 - Starting...
2024-02-25T20:11:46.759+01:00  INFO 20572 --- [order-api] [           main] com.zaxxer.hikari.pool.HikariPool        : HikariPool-1 - Added connection org.postgresql.jdbc.PgConnection@40538370
2024-02-25T20:11:46.760+01:00  INFO 20572 --- [order-api] [           main] com.zaxxer.hikari.HikariDataSource       : HikariPool-1 - Start completed.
2024-02-25T20:11:48.227+01:00  INFO 20572 --- [order-api] [           main] o.h.e.t.j.p.i.JtaPlatformInitiator       : HHH000489: No JTA platform available (set 'hibernate.transaction.jta.platform' to enable JTA platform integration)
2024-02-25T20:11:49.397+01:00  INFO 20572 --- [order-api] [           main] j.LocalContainerEntityManagerFactoryBean : Initialized JPA EntityManagerFactory for persistence unit 'default'
2024-02-25T20:11:49.976+01:00  WARN 20572 --- [order-api] [           main] JpaBaseConfiguration$JpaWebConfiguration : spring.jpa.open-in-view is enabled by default. Therefore, database queries may be performed during view rendering. Explicitly configure spring.jpa.open-in-view to disable this warning
2024-02-25T20:11:50.374+01:00  INFO 20572 --- [order-api] [           main] o.s.s.web.DefaultSecurityFilterChain     : Will secure any request with [org.springframework.security.web.session.DisableEncodeUrlFilter@489989eb, org.springframework.security.web.context.request.async.WebAsyncManagerIntegrationFilter@6d97a357, org.springframework.security.web.context.SecurityContextHolderFilter@7fb8d720, org.springframework.security.web.header.HeaderWriterFilter@8318808, org.springframework.web.filter.CorsFilter@1e6cd1c, org.springframework.security.web.authentication.logout.LogoutFilter@7ef8899d, com.example.backend.security.TokenAuthenticationFilter@474deb4c, org.springframework.security.web.savedrequest.RequestCacheAwareFilter@6202f8bf, org.springframework.security.web.servletapi.SecurityContextHolderAwareRequestFilter@330d557e, org.springframework.security.web.authentication.AnonymousAuthenticationFilter@1dab2cf5, org.springframework.security.web.session.SessionManagementFilter@15096b0e, org.springframework.security.web.access.ExceptionTranslationFilter@53630682, org.springframework.security.web.access.intercept.AuthorizationFilter@4b517357]
2024-02-25T20:11:50.852+01:00  INFO 20572 --- [order-api] [           main] c.e.backend.BackEndApplicationTests      : Started BackEndApplicationTests in 8.535 seconds (process running for 9.607)
]]></system-out>
    <system-err><![CDATA[WARNING: A Java agent has been loaded dynamically (C:\Users\Stefan\.m2\repository\net\bytebuddy\byte-buddy-agent\1.14.11\byte-buddy-agent-1.14.11.jar)
WARNING: If a serviceability tool is in use, please run with -XX:+EnableDynamicAgentLoading to hide this warning
WARNING: If a serviceability tool is not in use, please run with -Djdk.instrument.traceUsage for more information
WARNING: Dynamic loading of agents will be disallowed by default in a future release
]]></system-err>
  </testcase>
</testsuite>